<?xml version="1.0" encoding="UTF-8"?>
<!-- Generated by org.testng.reporters.JUnitReportReporter -->
<testsuite skipped="0" hostname="DESKTOP-KU75J3L" name="com.luxepass.qa.tests.ContactUspageflowtest" tests="1" failures="0" timestamp="2020-04-01T20:50:03 IST" time="20.486" errors="0">
  <testcase name="contactUslabeltest" time="20.486" classname="com.luxepass.qa.tests.ContactUspageflowtest"/>
</testsuite> <!-- com.luxepass.qa.tests.ContactUspageflowtest -->
