<?xml version="1.0" encoding="UTF-8"?>
<!-- Generated by org.testng.reporters.JUnitReportReporter -->
<testsuite skipped="0" hostname="DESKTOP-KU75J3L" name="com.luxepass.qa.tests.Howitworksflowtest" tests="1" failures="0" timestamp="2020-03-21T21:50:22 IST" time="21.486" errors="0">
  <testcase name="Howitworkslabeltest" time="21.486" classname="com.luxepass.qa.tests.Howitworksflowtest"/>
</testsuite> <!-- com.luxepass.qa.tests.Howitworksflowtest -->
