<?xml version="1.0" encoding="UTF-8"?>
<!-- Generated by org.testng.reporters.JUnitReportReporter -->
<testsuite skipped="0" hostname="DESKTOP-KU75J3L" name="com.luxepass.qa.testdata.HomePageflowtest" tests="9" failures="0" timestamp="2020-02-09T21:26:55 IST" time="162.969" errors="0">
  <testcase name="homepageTitletest" time="16.098" classname="com.luxepass.qa.testdata.HomePageflowtest"/>
  <testcase name="howitworkstest" time="20.445" classname="com.luxepass.qa.testdata.HomePageflowtest"/>
  <testcase name="browsehoteltest" time="16.808" classname="com.luxepass.qa.testdata.HomePageflowtest"/>
  <testcase name="myOrderstest" time="18.867" classname="com.luxepass.qa.testdata.HomePageflowtest"/>
  <testcase name="myprofileicontest" time="17.449" classname="com.luxepass.qa.testdata.HomePageflowtest"/>
  <testcase name="poolfiltertest" time="18.951" classname="com.luxepass.qa.testdata.HomePageflowtest"/>
  <testcase name="gymfiltertest" time="17.200" classname="com.luxepass.qa.testdata.HomePageflowtest"/>
  <testcase name="spasalonfiltertest" time="17.536" classname="com.luxepass.qa.testdata.HomePageflowtest"/>
  <testcase name="addtofavoritestest" time="19.615" classname="com.luxepass.qa.testdata.HomePageflowtest"/>
</testsuite> <!-- com.luxepass.qa.testdata.HomePageflowtest -->
