<?xml version="1.0" encoding="UTF-8"?>
<!-- Generated by org.testng.reporters.JUnitReportReporter -->
<testsuite skipped="0" hostname="DESKTOP-KU75J3L" name="com.luxepass.qa.tests.FAQpageflowtest" tests="1" failures="0" timestamp="2020-03-28T19:39:58 IST" time="15.383" errors="0">
  <testcase name="verifyFAQlabeltest" time="15.383" classname="com.luxepass.qa.tests.FAQpageflowtest"/>
</testsuite> <!-- com.luxepass.qa.tests.FAQpageflowtest -->
