<?xml version="1.0" encoding="UTF-8"?>
<!-- Generated by org.testng.reporters.JUnitReportReporter -->
<testsuite skipped="0" hostname="DESKTOP-KU75J3L" name="com.luxepass.qa.tests.HomePageflowtest" tests="24" failures="0" timestamp="2020-04-01T20:50:03 IST" time="526.910" errors="0">
  <testcase name="homepageTitletest" time="15.521" classname="com.luxepass.qa.tests.HomePageflowtest"/>
  <testcase name="howitworkstest" time="17.803" classname="com.luxepass.qa.tests.HomePageflowtest"/>
  <testcase name="browsehoteltest" time="18.467" classname="com.luxepass.qa.tests.HomePageflowtest"/>
  <testcase name="myOrderstest" time="19.670" classname="com.luxepass.qa.tests.HomePageflowtest"/>
  <testcase name="myprofileicontest" time="27.718" classname="com.luxepass.qa.tests.HomePageflowtest"/>
  <testcase name="myaccounttest" time="20.687" classname="com.luxepass.qa.tests.HomePageflowtest"/>
  <testcase name="poolfiltertest" time="24.336" classname="com.luxepass.qa.tests.HomePageflowtest"/>
  <testcase name="gymfiltertest" time="19.397" classname="com.luxepass.qa.tests.HomePageflowtest"/>
  <testcase name="spasalonfiltertest" time="22.539" classname="com.luxepass.qa.tests.HomePageflowtest"/>
  <testcase name="addtofavoritestest" time="40.608" classname="com.luxepass.qa.tests.HomePageflowtest"/>
  <testcase name="browsemorehoteltest" time="23.693" classname="com.luxepass.qa.tests.HomePageflowtest"/>
  <testcase name="browsemorehowitworkstest" time="21.972" classname="com.luxepass.qa.tests.HomePageflowtest"/>
  <testcase name="sendsmsapplinktest" time="18.598" classname="com.luxepass.qa.tests.HomePageflowtest"/>
  <testcase name="sendemailpplinktest" time="18.471" classname="com.luxepass.qa.tests.HomePageflowtest"/>
  <testcase name="playstoredownloadtest" time="21.148" classname="com.luxepass.qa.tests.HomePageflowtest"/>
  <testcase name="appstoredownloadtest" time="23.577" classname="com.luxepass.qa.tests.HomePageflowtest"/>
  <testcase name="sendsubscribeemailtest" time="19.884" classname="com.luxepass.qa.tests.HomePageflowtest"/>
  <testcase name="navigatefooterFAQtest" time="30.948" classname="com.luxepass.qa.tests.HomePageflowtest"/>
  <testcase name="navigatefooterTandctest" time="23.215" classname="com.luxepass.qa.tests.HomePageflowtest"/>
  <testcase name="navigatefooterPrivacypolicytest" time="17.625" classname="com.luxepass.qa.tests.HomePageflowtest"/>
  <testcase name="navigatefooterContactustest" time="19.918" classname="com.luxepass.qa.tests.HomePageflowtest"/>
  <testcase name="navigatefooterPartnerwithustest" time="18.829" classname="com.luxepass.qa.tests.HomePageflowtest"/>
  <testcase name="navigateInstasocialpagetest" time="22.936" classname="com.luxepass.qa.tests.HomePageflowtest"/>
  <testcase name="navigateFBsocialpagetest" time="19.350" classname="com.luxepass.qa.tests.HomePageflowtest"/>
</testsuite> <!-- com.luxepass.qa.tests.HomePageflowtest -->
