<?xml version="1.0" encoding="UTF-8"?>
<!-- Generated by org.testng.reporters.JUnitReportReporter -->
<testsuite skipped="0" hostname="DESKTOP-KU75J3L" name="com.luxepass.qa.tests.PrivacypolicyPageflowtest" tests="1" failures="0" timestamp="2020-04-01T19:56:09 IST" time="14.953" errors="0">
  <testcase name="Privacypolicylabeltest" time="14.953" classname="com.luxepass.qa.tests.PrivacypolicyPageflowtest"/>
</testsuite> <!-- com.luxepass.qa.tests.PrivacypolicyPageflowtest -->
