<?xml version="1.0" encoding="UTF-8"?>
<!-- Generated by org.testng.reporters.JUnitReportReporter -->
<testsuite skipped="0" hostname="DESKTOP-KU75J3L" name="com.luxepass.qa.tests.Signuppageflowtest" tests="1" failures="0" timestamp="2020-03-15T20:14:12 IST" time="32.149" errors="0">
  <testcase name="signupPagesignuptest" time="32.149" classname="com.luxepass.qa.tests.Signuppageflowtest"/>
</testsuite> <!-- com.luxepass.qa.tests.Signuppageflowtest -->
