<?xml version="1.0" encoding="UTF-8"?>
<!-- Generated by org.testng.reporters.JUnitReportReporter -->
<testsuite skipped="0" hostname="DESKTOP-KU75J3L" name="com.luxepass.qa.tests.HomePageflowtest" tests="1" failures="0" timestamp="2020-04-06T20:55:06 IST" time="21.688" errors="0">
  <testcase name="navigateInstasocialpagetest" time="21.688" classname="com.luxepass.qa.tests.HomePageflowtest"/>
</testsuite> <!-- com.luxepass.qa.tests.HomePageflowtest -->
