<?xml version="1.0" encoding="UTF-8"?>
<!-- Generated by org.testng.reporters.JUnitReportReporter -->
<testsuite skipped="0" hostname="DESKTOP-KU75J3L" name="com.luxepass.qa.tests.Signuppageflowtest" tests="1" failures="0" timestamp="2020-03-08T00:45:34 IST" time="33.565" errors="0">
  <testcase name="signupPagesignuptest" time="33.565" classname="com.luxepass.qa.tests.Signuppageflowtest"/>
</testsuite> <!-- com.luxepass.qa.tests.Signuppageflowtest -->
