<?xml version="1.0" encoding="UTF-8"?>
<!-- Generated by org.testng.reporters.JUnitReportReporter -->
<testsuite skipped="0" hostname="DESKTOP-KU75J3L" name="com.luxepass.qa.tests.Myorderspageflowtest" tests="1" failures="0" timestamp="2020-04-01T19:56:09 IST" time="15.645" errors="0">
  <testcase name="Myorderslabeltest" time="15.645" classname="com.luxepass.qa.tests.Myorderspageflowtest"/>
</testsuite> <!-- com.luxepass.qa.tests.Myorderspageflowtest -->
