<?xml version="1.0" encoding="UTF-8"?>
<!-- Generated by org.testng.reporters.JUnitReportReporter -->
<testsuite skipped="0" hostname="DESKTOP-KU75J3L" name="com.luxepass.qa.tests.Signuppageflowtest" tests="5" failures="0" timestamp="2020-03-19T18:36:51 IST" time="98.615" errors="0">
  <testcase name="signuppageclickcrossicon_onsignup" time="18.431" classname="com.luxepass.qa.tests.Signuppageflowtest"/>
  <testcase name="signuppageclickcrossicon_onverifynonactiveemail" time="16.706" classname="com.luxepass.qa.tests.Signuppageflowtest"/>
  <testcase name="signuppageclickcrossicon_onverifyaccount" time="29.974" classname="com.luxepass.qa.tests.Signuppageflowtest"/>
  <testcase name="signuppageclicktandclink" time="18.385" classname="com.luxepass.qa.tests.Signuppageflowtest"/>
  <testcase name="signuppageclickcrossicon_onlogin" time="15.119" classname="com.luxepass.qa.tests.Signuppageflowtest"/>
</testsuite> <!-- com.luxepass.qa.tests.Signuppageflowtest -->
