<?xml version="1.0" encoding="UTF-8"?>
<!-- Generated by org.testng.reporters.JUnitReportReporter -->
<testsuite skipped="0" hostname="DESKTOP-KU75J3L" name="com.luxepass.qa.tests.PrivacypolicyPageflowtest" tests="1" failures="0" timestamp="2020-03-28T19:39:58 IST" time="15.441" errors="0">
  <testcase name="Privacypolicylabeltest" time="15.441" classname="com.luxepass.qa.tests.PrivacypolicyPageflowtest"/>
</testsuite> <!-- com.luxepass.qa.tests.PrivacypolicyPageflowtest -->
