<?xml version="1.0" encoding="UTF-8"?>
<!-- Generated by org.testng.reporters.JUnitReportReporter -->
<testsuite skipped="0" hostname="DESKTOP-KU75J3L" name="com.luxepass.qa.tests.PartnerwithUSpageflowtest" tests="1" failures="0" timestamp="2020-04-01T19:56:09 IST" time="15.592" errors="0">
  <testcase name="partnerwithUSlabeltest" time="15.592" classname="com.luxepass.qa.tests.PartnerwithUSpageflowtest"/>
</testsuite> <!-- com.luxepass.qa.tests.PartnerwithUSpageflowtest -->
