<?xml version="1.0" encoding="UTF-8"?>
<!-- Generated by org.testng.reporters.JUnitReportReporter -->
<testsuite skipped="0" hostname="DESKTOP-KU75J3L" name="com.luxepass.qa.tests.PrivacypolicyPageflowtest" tests="1" failures="0" timestamp="2020-04-01T20:50:03 IST" time="25.481" errors="0">
  <testcase name="Privacypolicylabeltest" time="25.481" classname="com.luxepass.qa.tests.PrivacypolicyPageflowtest"/>
</testsuite> <!-- com.luxepass.qa.tests.PrivacypolicyPageflowtest -->
