<?xml version="1.0" encoding="UTF-8"?>
<!-- Generated by org.testng.reporters.JUnitReportReporter -->
<testsuite skipped="0" hostname="DESKTOP-KU75J3L" name="com.luxepass.qa.tests.HomePageflowtest" tests="24" failures="0" timestamp="2020-04-01T19:56:09 IST" time="451.985" errors="0">
  <testcase name="homepageTitletest" time="16.117" classname="com.luxepass.qa.tests.HomePageflowtest"/>
  <testcase name="howitworkstest" time="18.842" classname="com.luxepass.qa.tests.HomePageflowtest"/>
  <testcase name="browsehoteltest" time="17.040" classname="com.luxepass.qa.tests.HomePageflowtest"/>
  <testcase name="myOrderstest" time="16.954" classname="com.luxepass.qa.tests.HomePageflowtest"/>
  <testcase name="myprofileicontest" time="22.122" classname="com.luxepass.qa.tests.HomePageflowtest"/>
  <testcase name="myaccounttest" time="17.125" classname="com.luxepass.qa.tests.HomePageflowtest"/>
  <testcase name="poolfiltertest" time="18.319" classname="com.luxepass.qa.tests.HomePageflowtest"/>
  <testcase name="gymfiltertest" time="17.420" classname="com.luxepass.qa.tests.HomePageflowtest"/>
  <testcase name="spasalonfiltertest" time="18.221" classname="com.luxepass.qa.tests.HomePageflowtest"/>
  <testcase name="addtofavoritestest" time="35.952" classname="com.luxepass.qa.tests.HomePageflowtest"/>
  <testcase name="browsemorehoteltest" time="17.641" classname="com.luxepass.qa.tests.HomePageflowtest"/>
  <testcase name="browsemorehowitworkstest" time="16.828" classname="com.luxepass.qa.tests.HomePageflowtest"/>
  <testcase name="sendsmsapplinktest" time="18.209" classname="com.luxepass.qa.tests.HomePageflowtest"/>
  <testcase name="sendemailpplinktest" time="15.909" classname="com.luxepass.qa.tests.HomePageflowtest"/>
  <testcase name="playstoredownloadtest" time="21.941" classname="com.luxepass.qa.tests.HomePageflowtest"/>
  <testcase name="appstoredownloadtest" time="21.223" classname="com.luxepass.qa.tests.HomePageflowtest"/>
  <testcase name="sendsubscribeemailtest" time="15.013" classname="com.luxepass.qa.tests.HomePageflowtest"/>
  <testcase name="navigatefooterFAQtest" time="18.158" classname="com.luxepass.qa.tests.HomePageflowtest"/>
  <testcase name="navigatefooterTandctest" time="19.099" classname="com.luxepass.qa.tests.HomePageflowtest"/>
  <testcase name="navigatefooterPrivacypolicytest" time="17.362" classname="com.luxepass.qa.tests.HomePageflowtest"/>
  <testcase name="navigatefooterContactustest" time="18.365" classname="com.luxepass.qa.tests.HomePageflowtest"/>
  <testcase name="navigatefooterPartnerwithustest" time="17.668" classname="com.luxepass.qa.tests.HomePageflowtest"/>
  <testcase name="navigateInstasocialpagetest" time="18.520" classname="com.luxepass.qa.tests.HomePageflowtest"/>
  <testcase name="navigateFBsocialpagetest" time="17.937" classname="com.luxepass.qa.tests.HomePageflowtest"/>
</testsuite> <!-- com.luxepass.qa.tests.HomePageflowtest -->
