<?xml version="1.0" encoding="UTF-8"?>
<!-- Generated by org.testng.reporters.JUnitReportReporter -->
<testsuite skipped="0" hostname="DESKTOP-KU75J3L" name="com.luxepass.qa.tests.MyProfilepageflowtest" tests="1" failures="0" timestamp="2020-04-01T19:56:09 IST" time="17.100" errors="0">
  <testcase name="myprofilelabeltest" time="17.100" classname="com.luxepass.qa.tests.MyProfilepageflowtest"/>
</testsuite> <!-- com.luxepass.qa.tests.MyProfilepageflowtest -->
