<?xml version="1.0" encoding="UTF-8"?>
<!-- Generated by org.testng.reporters.JUnitReportReporter -->
<testsuite skipped="0" hostname="DESKTOP-KU75J3L" name="com.luxepass.qa.testdata.LoginPageflowtest" tests="3" failures="0" timestamp="2020-01-22T17:11:06 IST" time="46.329" errors="0">
  <testcase name="loginpageTitletest" time="16.974" classname="com.luxepass.qa.testdata.LoginPageflowtest"/>
  <testcase name="luxepassLogotest" time="12.545" classname="com.luxepass.qa.testdata.LoginPageflowtest"/>
  <testcase name="loginPagelogintest" time="16.810" classname="com.luxepass.qa.testdata.LoginPageflowtest"/>
</testsuite> <!-- com.luxepass.qa.testdata.LoginPageflowtest -->
