<?xml version="1.0" encoding="UTF-8"?>
<!-- Generated by org.testng.reporters.JUnitReportReporter -->
<testsuite skipped="0" hostname="DESKTOP-KU75J3L" name="com.luxepass.qa.tests.TandCpageflowtest" tests="1" failures="0" timestamp="2020-04-01T19:56:09 IST" time="15.862" errors="0">
  <testcase name="TandClabeltest" time="15.862" classname="com.luxepass.qa.tests.TandCpageflowtest"/>
</testsuite> <!-- com.luxepass.qa.tests.TandCpageflowtest -->
