<?xml version="1.0" encoding="UTF-8"?>
<!-- Generated by org.testng.reporters.JUnitReportReporter -->
<testsuite skipped="0" hostname="DESKTOP-KU75J3L" name="com.luxepass.qa.tests.HomePageflowtest" tests="3" failures="0" timestamp="2020-04-01T13:53:03 IST" time="95.317" errors="0">
  <testcase name="browsehoteltest" time="35.933" classname="com.luxepass.qa.tests.HomePageflowtest"/>
  <testcase name="navigatefooterFAQtest" time="26.061" classname="com.luxepass.qa.tests.HomePageflowtest"/>
  <testcase name="navigatefooterContactustest" time="33.323" classname="com.luxepass.qa.tests.HomePageflowtest"/>
</testsuite> <!-- com.luxepass.qa.tests.HomePageflowtest -->
