<?xml version="1.0" encoding="UTF-8"?>
<!-- Generated by org.testng.reporters.JUnitReportReporter -->
<testsuite skipped="0" hostname="DESKTOP-KU75J3L" name="com.luxepass.qa.tests.LoginPageflowtest" tests="1" failures="0" timestamp="2020-04-05T14:10:08 IST" time="19.474" errors="0">
  <testcase name="loginPagelogintest" time="19.474" classname="com.luxepass.qa.tests.LoginPageflowtest"/>
</testsuite> <!-- com.luxepass.qa.tests.LoginPageflowtest -->
